<?xml version="1.0" encoding="UTF-8"?>
<!-- Generated by org.testng.reporters.JUnitReportReporter -->
<testsuite hostname="Suryas-MacBook-Air.local" failures="0" tests="7" name="TestRunner.Runner" time="20.602" errors="0" timestamp="2026-05-26T13:25:47 IST" skipped="0">
  <testcase classname="TestRunner.Runner" name="runScenario" time="2.477"/>
  <testcase classname="TestRunner.Runner" name="runScenario" time="3.307"/>
  <testcase classname="TestRunner.Runner" name="runScenario" time="2.492"/>
  <testcase classname="TestRunner.Runner" name="runScenario" time="3.705"/>
  <testcase classname="TestRunner.Runner" name="runScenario" time="2.148"/>
  <testcase classname="TestRunner.Runner" name="runScenario" time="3.152"/>
  <testcase classname="TestRunner.Runner" name="runScenario" time="3.321"/>
</testsuite> <!-- TestRunner.Runner -->
