<?xml version="1.0" encoding="UTF-8"?>
<!-- Generated by org.testng.reporters.JUnitReportReporter -->
<testsuite hostname="Suryas-MacBook-Air.local" failures="2" tests="7" name="TestRunner.Runner" time="29.763" errors="0" timestamp="2026-05-30T14:57:21 IST" skipped="0">
  <testcase classname="TestRunner.Runner" name="runScenario" time="5.489">
    <failure message="expected [true] but found [false]" type="java.lang.AssertionError">
      <![CDATA[java.lang.AssertionError: expected [true] but found [false]
at org.testng.Assert.fail(Assert.java:111)
at org.testng.Assert.failNotEquals(Assert.java:1590)
at org.testng.Assert.assertTrue(Assert.java:57)
at org.testng.Assert.assertTrue(Assert.java:67)
at StepDefinition.Reg.account_should_be_created_successfully(Reg.java:85)
at ✽.account should be created successfully(file:///Users/suryaprakashj/git/Test_Repo_1/prameworkcucutest/src/main/resources/Features1/Reg.feature:19)
]]>
    </failure>
  </testcase> <!-- runScenario -->
  <testcase classname="TestRunner.Runner" name="runScenario" time="4.991"/>
  <testcase classname="TestRunner.Runner" name="runScenario" time="2.767"/>
  <testcase classname="TestRunner.Runner" name="runScenario" time="5.013"/>
  <testcase classname="TestRunner.Runner" name="runScenario" time="4.462"/>
  <testcase classname="TestRunner.Runner" name="runScenario" time="3.627">
    <failure message="expected [true] but found [false]" type="java.lang.AssertionError">
      <![CDATA[java.lang.AssertionError: expected [true] but found [false]
at org.testng.Assert.fail(Assert.java:111)
at org.testng.Assert.failNotEquals(Assert.java:1590)
at org.testng.Assert.assertTrue(Assert.java:57)
at org.testng.Assert.assertTrue(Assert.java:67)
at StepDefinition.Reg.account_should_be_created_successfully(Reg.java:85)
at ✽.account should be created successfully(file:///Users/suryaprakashj/git/Test_Repo_1/prameworkcucutest/src/main/resources/Features1/Reg.feature:19)
]]>
    </failure>
  </testcase> <!-- runScenario -->
  <testcase classname="TestRunner.Runner" name="runScenario" time="3.414"/>
</testsuite> <!-- TestRunner.Runner -->
